Request: GET /transactions - Time: 8.6484s
Request: GET /transactions - Time: 4.5088s
Request: GET /memories - Time: 5.7277s
Request: GET /memories - Time: 15.6350s
Request: GET /analytics/dashboard - Time: 20.3383s
DB query /memories took: 6.1762s
Request: GET /memories - Time: 9.9679s
DB query /memories took: 2.1880s
Request: GET /memories - Time: 2.1917s
Request: GET /analytics/dashboard - Time: 11.3704s
Request: GET /analytics/dashboard - Time: 10.8199s
DB query /memories took: 2.6541s
Request: GET /memories - Time: 4.6411s
Request: GET /transactions - Time: 4.0018s
Request: GET /transactions - Time: 0.9071s
DB query /memories took: 4.6762s
Request: GET /memories - Time: 4.6799s
Request: GET /transactions - Time: 0.5509s
Request: GET /transactions - Time: 0.5333s
Request: GET /transactions - Time: 1.8649s
Request: GET /transactions - Time: 0.6730s
Request: GET /transactions - Time: 0.6348s
Request: DELETE /transactions/a736c29c-a6c6-4a92-bd2f-90d48ea16f76 - Time: 0.0165s
Request: GET /transactions - Time: 0.7310s
Request: DELETE /transactions/a736c29c-a6c6-4a92-bd2f-90d48ea16f76 - Time: 0.0003s
Request: DELETE /transactions/a736c29c-a6c6-4a92-bd2f-90d48ea16f76 - Time: 0.0008s
Request: GET /transactions - Time: 2.5882s
Request: GET /transactions - Time: 0.5796s
Request: DELETE /transactions/a736c29c-a6c6-4a92-bd2f-90d48ea16f76 - Time: 3.9539s
Request: DELETE /transactions/a736c29c-a6c6-4a92-bd2f-90d48ea16f76 - Time: 1.7610s
Request: GET /transactions - Time: 0.8414s
Request: GET /transactions - Time: 0.5572s
Request: DELETE /transactions/a736c29c-a6c6-4a92-bd2f-90d48ea16f76 - Time: 3.0402s
Request: GET /analytics/dashboard - Time: 3.5720s
Request: GET /analytics/dashboard - Time: 1.1253s
Request: POST /process - Time: 11.2815s
Request: POST /process - Time: 8.0855s
Request: POST /process - Time: 5.7492s
Request: POST /process - Time: 4.9241s
Request: POST /process - Time: 6.9409s
Request: POST /process - Time: 5.0188s
Request: POST /process - Time: 6.4017s
Request: POST /process - Time: 6.1119s
Request: POST /process - Time: 4.3455s
Request: POST /process - Time: 5.6310s
Request: POST /process - Time: 7.4873s
Request: POST /process - Time: 7.9058s
Request: POST /process - Time: 6.5237s
Request: POST /process - Time: 3.9287s
Request: POST /process - Time: 5.4051s
Request: POST /process - Time: 5.6398s
Request: POST /process - Time: 5.6219s
Request: POST /process - Time: 7.0565s
Request: GET /transactions - Time: 1.2297s
Request: GET /transactions - Time: 1.2574s
Request: GET /analytics/dashboard - Time: 1.6078s
Request: GET /analytics/dashboard - Time: 1.2666s
Request: GET /analytics/dashboard - Time: 1.6248s
Request: GET /transactions - Time: 0.8831s
Request: GET /transactions - Time: 1.3240s
Request: POST /process - Time: 11.3024s
Request: POST /process - Time: 6.3516s
Request: POST /process - Time: 5.7402s
Request: POST /process - Time: 5.0685s
Request: GET /transactions - Time: 1.1455s
Request: GET /transactions - Time: 1.1304s
Request: DELETE /transactions/9d313c9c-5513-4379-8242-3f64efaf5f27 - Time: 1.3345s
Request: GET /transactions - Time: 0.6254s
Request: POST /process - Time: 5.5557s
Request: GET /analytics/dashboard - Time: 3.7563s
Request: GET /analytics/dashboard - Time: 1.1880s
Request: GET /reminders - Time: 1.0893s
Request: GET /reminders - Time: 0.9913s
DB query /memories took: 2.8632s
Request: GET /memories - Time: 2.8692s
DB query /memories took: 2.8696s
Request: GET /memories - Time: 2.8739s
Request: GET /analytics/dashboard - Time: 1.5766s
Request: GET /analytics/dashboard - Time: 1.5931s
Request: GET /analytics/dashboard - Time: 2.3392s
Request: GET /analytics/dashboard - Time: 1.1932s
Request: GET /transactions - Time: 1.8902s
Request: GET /transactions - Time: 0.8219s
Request: POST /process - Time: 6.9605s
Request: GET /analytics/dashboard - Time: 1.5218s
Request: GET /analytics/dashboard - Time: 1.3070s
Request: GET /analytics/dashboard - Time: 5.6287s
Request: GET /analytics/dashboard - Time: 3.5794s
Request: GET /analytics/dashboard - Time: 5.6676s
Request: GET /transactions - Time: 6.1169s
Request: GET /transactions - Time: 1.4478s
Request: GET /transactions - Time: 1.5021s
Request: GET /transactions - Time: 1.0360s
Request: GET /transactions - Time: 2.0061s
Request: GET /transactions - Time: 1.4497s
Request: PATCH /transactions/86c93f93-0776-41ef-b91f-8bede891aa07 - Time: 5.0818s
Request: GET /transactions - Time: 1.2634s
Request: PATCH /transactions/69c3994a-2374-46f1-b52d-7be8e8500ec9 - Time: 1.3856s
Request: GET /transactions - Time: 0.9551s
Request: PATCH /transactions/edce0161-4d4c-4d27-bcc7-98d943a8cf7b - Time: 1.3265s
Request: GET /transactions - Time: 0.8838s
Request: PATCH /transactions/569168c3-e580-4746-ae3f-ab1939771f9c - Time: 1.0810s
Request: GET /transactions - Time: 0.7833s
Request: PATCH /transactions/a2fd8e0a-ab58-40cf-8b0c-dca0b8f42d93 - Time: 1.2756s
Request: GET /transactions - Time: 0.9524s
Request: PATCH /transactions/abe9316d-f723-4fa0-b795-1069276ea401 - Time: 1.3437s
Request: GET /transactions - Time: 0.9595s
Request: PATCH /transactions/afef3a6c-3f60-4d63-88f2-5ad1bc10ea79 - Time: 1.2856s
Request: GET /transactions - Time: 0.9564s
Request: PATCH /transactions/14883a25-d380-478a-8e8c-0221442cb32e - Time: 1.2581s
Request: GET /transactions - Time: 0.6303s
Request: PATCH /transactions/75aab358-3a97-4a60-b7b4-673752c4f95f - Time: 1.1023s
Request: GET /transactions - Time: 1.0012s
Request: PATCH /transactions/3ee0215f-8b1d-4217-8ffa-989b8c42f02b - Time: 1.6925s
Request: GET /transactions - Time: 1.0443s
Request: PATCH /transactions/e48fb62e-5762-4623-84c0-112fc3595727 - Time: 4.7193s
Request: GET /transactions - Time: 0.9504s
Request: PATCH /transactions/a877d8c3-4114-467d-9401-9f30b6729ea7 - Time: 1.2957s
Request: GET /transactions - Time: 1.0017s
Request: PATCH /transactions/ddbead28-cb67-4e34-af87-ca6f2f3ab169 - Time: 1.2395s
Request: GET /transactions - Time: 0.8959s
Request: PATCH /transactions/c52ef120-c753-4ceb-82de-7927a42e8550 - Time: 1.3455s
Request: GET /transactions - Time: 1.2213s
Request: PATCH /transactions/b310da8f-3077-4559-9b53-4e80a50b7329 - Time: 1.1493s
Request: GET /transactions - Time: 0.9978s
Request: PATCH /transactions/a3abe91e-e8fa-46fa-865f-e5ffe5254bc1 - Time: 1.3048s
Request: GET /transactions - Time: 0.7926s
Request: PATCH /transactions/8332836d-8374-4b48-a5ba-c4bbc945b78f - Time: 1.4413s
Request: GET /transactions - Time: 0.8350s
Request: PATCH /transactions/eefb7761-3879-4e0b-bc39-8bbd4080f8f3 - Time: 1.2267s
Request: GET /transactions - Time: 0.8123s
Request: GET /analytics/dashboard - Time: 3.8798s
Request: GET /transactions - Time: 3.3564s
Request: GET /transactions - Time: 3.2485s
Request: GET /analytics/dashboard - Time: 3.8198s
Request: GET /reminders - Time: 1.0986s
Request: GET /reminders - Time: 0.9582s
Request: POST /process - Time: 8.9032s
Request: POST /process - Time: 5.2833s
Request: GET /reminders - Time: 0.9332s
Request: GET /reminders - Time: 0.9428s
Request: GET /reminders - Time: 0.5716s
Request: GET /reminders - Time: 0.5876s
